<?xml version="1.0" encoding="UTF-8"?>
<testng-results ignored="0" total="8" passed="8" failed="0" skipped="0">
  <reporter-output>
  </reporter-output>
  <suite started-at="2025-09-08T09:11:30 IST" name="Default suite" finished-at="2025-09-08T09:13:06 IST" duration-ms="96230">
    <groups>
      <group name="cucumber">
        <method signature="AbstractTestNGCucumberTests.runScenario(io.cucumber.testng.PickleWrapper,io.cucumber.testng.FeatureWrapper)[pri:0, instance:runners.TestRunner@3d97a632]" name="runScenario" class="io.cucumber.testng.AbstractTestNGCucumberTests"/>
      </group> <!-- cucumber -->
    </groups>
    <test started-at="2025-09-08T09:11:30 IST" name="Default test" finished-at="2025-09-08T09:13:06 IST" duration-ms="96230">
      <class name="runners.TestRunner">
        <test-method is-config="true" signature="setUpClass(org.testng.ITestContext)[pri:0, instance:runners.TestRunner@3d97a632]" started-at="2025-09-08T09:11:30 IST" name="setUpClass" finished-at="2025-09-08T09:11:31 IST" duration-ms="938" status="PASS">
          <params>
            <param index="0">
              <value>
                <![CDATA[org.testng.TestRunner@3f9e8af5]]>
              </value>
            </param>
          </params>
          <reporter-output>
          </reporter-output>
        </test-method> <!-- setUpClass -->
        <test-method signature="runScenario(io.cucumber.testng.PickleWrapper,io.cucumber.testng.FeatureWrapper)[pri:0, instance:runners.TestRunner@3d97a632]" started-at="2025-09-08T09:11:31 IST" name="runScenario" description="Runs Cucumber Scenarios" data-provider="scenarios" finished-at="2025-09-08T09:11:38 IST" duration-ms="6744" status="PASS">
          <params>
            <param index="0">
              <value>
                <![CDATA["Positive Customer Login"]]>
              </value>
            </param>
            <param index="1">
              <value>
                <![CDATA["Customer Login"]]>
              </value>
            </param>
          </params>
          <reporter-output>
          </reporter-output>
        </test-method> <!-- runScenario -->
        <test-method signature="runScenario(io.cucumber.testng.PickleWrapper,io.cucumber.testng.FeatureWrapper)[pri:0, instance:runners.TestRunner@3d97a632]" started-at="2025-09-08T09:11:38 IST" name="runScenario" description="Runs Cucumber Scenarios" data-provider="scenarios" finished-at="2025-09-08T09:11:51 IST" duration-ms="13535" status="PASS">
          <params>
            <param index="0">
              <value>
                <![CDATA["Negative Customer Login"]]>
              </value>
            </param>
            <param index="1">
              <value>
                <![CDATA["Customer Login"]]>
              </value>
            </param>
          </params>
          <reporter-output>
          </reporter-output>
        </test-method> <!-- runScenario -->
        <test-method signature="runScenario(io.cucumber.testng.PickleWrapper,io.cucumber.testng.FeatureWrapper)[pri:0, instance:runners.TestRunner@3d97a632]" started-at="2025-09-08T09:11:51 IST" name="runScenario" description="Runs Cucumber Scenarios" data-provider="scenarios" finished-at="2025-09-08T09:12:14 IST" duration-ms="23130" status="PASS">
          <params>
            <param index="0">
              <value>
                <![CDATA["Add customer with valid details"]]>
              </value>
            </param>
            <param index="1">
              <value>
                <![CDATA["Add New Customer (Manager)"]]>
              </value>
            </param>
          </params>
          <reporter-output>
          </reporter-output>
        </test-method> <!-- runScenario -->
        <test-method signature="runScenario(io.cucumber.testng.PickleWrapper,io.cucumber.testng.FeatureWrapper)[pri:0, instance:runners.TestRunner@3d97a632]" started-at="2025-09-08T09:12:14 IST" name="runScenario" description="Runs Cucumber Scenarios" data-provider="scenarios" finished-at="2025-09-08T09:12:27 IST" duration-ms="12791" status="PASS">
          <params>
            <param index="0">
              <value>
                <![CDATA["Add customer with empty details"]]>
              </value>
            </param>
            <param index="1">
              <value>
                <![CDATA["Add New Customer (Manager)"]]>
              </value>
            </param>
          </params>
          <reporter-output>
          </reporter-output>
        </test-method> <!-- runScenario -->
        <test-method signature="runScenario(io.cucumber.testng.PickleWrapper,io.cucumber.testng.FeatureWrapper)[pri:0, instance:runners.TestRunner@3d97a632]" started-at="2025-09-08T09:12:27 IST" name="runScenario" description="Runs Cucumber Scenarios" data-provider="scenarios" finished-at="2025-09-08T09:12:33 IST" duration-ms="6112" status="PASS">
          <params>
            <param index="0">
              <value>
                <![CDATA["Deposit Amount - Positive"]]>
              </value>
            </param>
            <param index="1">
              <value>
                <![CDATA["Deposit Amount (Customer)"]]>
              </value>
            </param>
          </params>
          <reporter-output>
          </reporter-output>
        </test-method> <!-- runScenario -->
        <test-method signature="runScenario(io.cucumber.testng.PickleWrapper,io.cucumber.testng.FeatureWrapper)[pri:0, instance:runners.TestRunner@3d97a632]" started-at="2025-09-08T09:12:33 IST" name="runScenario" description="Runs Cucumber Scenarios" data-provider="scenarios" finished-at="2025-09-08T09:12:49 IST" duration-ms="15644" status="PASS">
          <params>
            <param index="0">
              <value>
                <![CDATA["Deposit Amount - Negative"]]>
              </value>
            </param>
            <param index="1">
              <value>
                <![CDATA["Deposit Amount (Customer)"]]>
              </value>
            </param>
          </params>
          <reporter-output>
          </reporter-output>
        </test-method> <!-- runScenario -->
        <test-method signature="runScenario(io.cucumber.testng.PickleWrapper,io.cucumber.testng.FeatureWrapper)[pri:0, instance:runners.TestRunner@3d97a632]" started-at="2025-09-08T09:12:49 IST" name="runScenario" description="Runs Cucumber Scenarios" data-provider="scenarios" finished-at="2025-09-08T09:12:53 IST" duration-ms="4365" status="PASS">
          <params>
            <param index="0">
              <value>
                <![CDATA["Positive Open Account"]]>
              </value>
            </param>
            <param index="1">
              <value>
                <![CDATA["Open New Account (Manager)"]]>
              </value>
            </param>
          </params>
          <reporter-output>
          </reporter-output>
        </test-method> <!-- runScenario -->
        <test-method signature="runScenario(io.cucumber.testng.PickleWrapper,io.cucumber.testng.FeatureWrapper)[pri:0, instance:runners.TestRunner@3d97a632]" started-at="2025-09-08T09:12:53 IST" name="runScenario" description="Runs Cucumber Scenarios" data-provider="scenarios" finished-at="2025-09-08T09:13:06 IST" duration-ms="12432" status="PASS">
          <params>
            <param index="0">
              <value>
                <![CDATA["Negative Open Account"]]>
              </value>
            </param>
            <param index="1">
              <value>
                <![CDATA["Open New Account (Manager)"]]>
              </value>
            </param>
          </params>
          <reporter-output>
          </reporter-output>
        </test-method> <!-- runScenario -->
        <test-method is-config="true" signature="tearDownClass()[pri:0, instance:runners.TestRunner@3d97a632]" started-at="2025-09-08T09:13:06 IST" name="tearDownClass" finished-at="2025-09-08T09:13:06 IST" duration-ms="466" status="PASS">
          <reporter-output>
          </reporter-output>
        </test-method> <!-- tearDownClass -->
      </class> <!-- runners.TestRunner -->
    </test> <!-- Default test -->
  </suite> <!-- Default suite -->
</testng-results>
